<?xml version="1.0" encoding="UTF-8"?>
<testsuite xmlns:xsi="http://www.w3.org/2001/XMLSchema-instance" xsi:noNamespaceSchemaLocation="https://maven.apache.org/surefire/maven-surefire-plugin/xsd/surefire-test-report.xsd" name="com.itfb.project.ITFBTest" time="9.945" tests="9" errors="0" skipped="0" failures="0">
  <properties>
[...]
</properties>
  <testcase name="Given user opens &quot;https://www.google.com/?hl=ru&quot;" classname="Scenario: Check google" time="0.002"/>
  <testcase name="When user clicks on search area" classname="Scenario: Check google" time="0"/>
  <testcase name="And user types &quot;ITFB&quot; in search area and press key" classname="Scenario: Check google" time="0"/>
  <testcase name="Then user must watch titles with &quot;ITFB&quot; word" classname="Scenario: Check google" time="0"/>
  <testcase name="Scenario: Check google" classname="Scenario: Check google" time="0.081"/>
  <testcase name="Given user must watch titles with &quot;ITFB&quot; word" classname="Scenario: Check ITFB site is visible" time="0"/>
  <testcase name="When user clicks on &quot;itfb.ru/&quot; link" classname="Scenario: Check ITFB site is visible" time="0"/>
  <testcase name="Then user must watch &quot;http://itfb.ru/&quot; site" classname="Scenario: Check ITFB site is visible" time="0"/>
  <testcase name="Scenario: Check ITFB site is visible" classname="Scenario: Check ITFB site is visible" time="0.002"/>
</testsuite>